<?xml version="1.0" encoding="UTF-8"?>
<!-- Generated by org.testng.reporters.JUnitXMLReporter -->
<testsuite ignored="0" hostname="sandeep-pc" failures="0" tests="4" name="PetStoreTest" time="10.522" errors="0" timestamp="2024-04-14T09:06:35 IST">
  <testcase classname="api.test.UserTests2" name="testPostUser" time="3.817"/>
  <testcase classname="api.test.UserTests2" name="testGetUserbyName" time="1.5"/>
  <testcase classname="api.test.UserTests2" name="testUpdateUserbyName" time="2.969"/>
  <testcase classname="api.test.UserTests2" name="testDeleteUserbyName" time="1.574"/>
</testsuite> <!-- PetStoreTest -->
