<?xml version="1.0" encoding="UTF-8"?>
<!-- Generated by org.testng.reporters.JUnitXMLReporter -->
<testsuite ignored="0" hostname="sandeep-pc" failures="0" tests="6" name="Default test" time="12.969" errors="0" timestamp="2024-04-11T18:53:01 IST">
  <testcase classname="api.test.DDTests" name="testPostuser" time="3.756"/>
  <testcase classname="api.test.DDTests" name="testPostuser" time="1.582"/>
  <testcase classname="api.test.DDTests" name="testPostuser" time="1.473"/>
  <testcase classname="api.test.DDTests" name="testDeleteUserByName" time="1.383"/>
  <testcase classname="api.test.DDTests" name="testDeleteUserByName" time="1.528"/>
  <testcase classname="api.test.DDTests" name="testDeleteUserByName" time="1.534"/>
</testsuite> <!-- Default test -->
