<?xml version="1.0" encoding="UTF-8"?>
<testng-results ignored="0" total="4" passed="4" failed="0" skipped="0">
  <reporter-output>
  </reporter-output>
  <suite started-at="2024-04-18T11:54:37 IST" name="PetStoreSuite" finished-at="2024-04-18T11:54:48 IST" duration-ms="11001">
    <groups>
    </groups>
    <test started-at="2024-04-18T11:54:37 IST" name="PetStoreTest" finished-at="2024-04-18T11:54:48 IST" duration-ms="11001">
      <class name="api.test.UserTests2">
        <test-method is-config="true" signature="setup()[pri:0, instance:api.test.UserTests2@20ce78ec]" started-at="2024-04-18T11:54:37 IST" name="setup" finished-at="2024-04-18T11:54:38 IST" duration-ms="353" status="PASS">
          <reporter-output>
          </reporter-output>
        </test-method> <!-- setup -->
        <test-method signature="testPostUser()[pri:1, instance:api.test.UserTests2@20ce78ec]" started-at="2024-04-18T11:54:38 IST" name="testPostUser" finished-at="2024-04-18T11:54:42 IST" duration-ms="4530" status="PASS">
          <reporter-output>
          </reporter-output>
        </test-method> <!-- testPostUser -->
        <test-method signature="testGetUserbyName()[pri:2, instance:api.test.UserTests2@20ce78ec]" started-at="2024-04-18T11:54:42 IST" name="testGetUserbyName" finished-at="2024-04-18T11:54:44 IST" duration-ms="1413" status="PASS">
          <reporter-output>
          </reporter-output>
        </test-method> <!-- testGetUserbyName -->
        <test-method signature="testUpdateUserbyName()[pri:3, instance:api.test.UserTests2@20ce78ec]" started-at="2024-04-18T11:54:44 IST" name="testUpdateUserbyName" finished-at="2024-04-18T11:54:47 IST" duration-ms="2960" status="PASS">
          <reporter-output>
          </reporter-output>
        </test-method> <!-- testUpdateUserbyName -->
        <test-method signature="testDeleteUserbyName()[pri:4, instance:api.test.UserTests2@20ce78ec]" started-at="2024-04-18T11:54:47 IST" name="testDeleteUserbyName" finished-at="2024-04-18T11:54:48 IST" duration-ms="1440" status="PASS">
          <reporter-output>
          </reporter-output>
        </test-method> <!-- testDeleteUserbyName -->
      </class> <!-- api.test.UserTests2 -->
    </test> <!-- PetStoreTest -->
  </suite> <!-- PetStoreSuite -->
</testng-results>
