<?xml version="1.0" encoding="UTF-8"?>
<testng-results ignored="0" total="4" passed="4" failed="0" skipped="0">
  <reporter-output>
  </reporter-output>
  <suite started-at="2024-04-13T19:31:19 IST" name="PetStoreSuite" finished-at="2024-04-13T19:31:27 IST" duration-ms="7924">
    <groups>
    </groups>
    <test started-at="2024-04-13T19:31:19 IST" name="PetStoreTest" finished-at="2024-04-13T19:31:27 IST" duration-ms="7924">
      <class name="api.test.UserTests2">
        <test-method is-config="true" signature="setup()[pri:0, instance:api.test.UserTests2@4562e04d]" started-at="2024-04-13T19:31:19 IST" name="setup" finished-at="2024-04-13T19:31:19 IST" duration-ms="226" status="PASS">
          <reporter-output>
          </reporter-output>
        </test-method> <!-- setup -->
        <test-method signature="testPostUser()[pri:1, instance:api.test.UserTests2@4562e04d]" started-at="2024-04-13T19:31:19 IST" name="testPostUser" finished-at="2024-04-13T19:31:22 IST" duration-ms="2826" status="PASS">
          <reporter-output>
          </reporter-output>
        </test-method> <!-- testPostUser -->
        <test-method signature="testGetUserbyName()[pri:2, instance:api.test.UserTests2@4562e04d]" started-at="2024-04-13T19:31:22 IST" name="testGetUserbyName" finished-at="2024-04-13T19:31:23 IST" duration-ms="1264" status="PASS">
          <reporter-output>
          </reporter-output>
        </test-method> <!-- testGetUserbyName -->
        <test-method signature="testUpdateUserbyName()[pri:3, instance:api.test.UserTests2@4562e04d]" started-at="2024-04-13T19:31:23 IST" name="testUpdateUserbyName" finished-at="2024-04-13T19:31:25 IST" duration-ms="2249" status="PASS">
          <reporter-output>
          </reporter-output>
        </test-method> <!-- testUpdateUserbyName -->
        <test-method signature="testDeleteUserbyName()[pri:4, instance:api.test.UserTests2@4562e04d]" started-at="2024-04-13T19:31:25 IST" name="testDeleteUserbyName" finished-at="2024-04-13T19:31:27 IST" duration-ms="1099" status="PASS">
          <reporter-output>
          </reporter-output>
        </test-method> <!-- testDeleteUserbyName -->
      </class> <!-- api.test.UserTests2 -->
    </test> <!-- PetStoreTest -->
  </suite> <!-- PetStoreSuite -->
</testng-results>
