<?xml version="1.0" encoding="UTF-8"?>
<testng-results ignored="0" total="4" passed="4" failed="0" skipped="0">
  <reporter-output>
  </reporter-output>
  <suite started-at="2024-04-11T21:51:02 IST" name="PetStoreSuite" finished-at="2024-04-11T21:51:10 IST" duration-ms="8589">
    <groups>
    </groups>
    <test started-at="2024-04-11T21:51:02 IST" name="PetStoreTest" finished-at="2024-04-11T21:51:10 IST" duration-ms="8589">
      <class name="api.test.UserTests2">
        <test-method is-config="true" signature="setup()[pri:0, instance:api.test.UserTests2@4562e04d]" started-at="2024-04-11T21:51:02 IST" name="setup" finished-at="2024-04-11T21:51:02 IST" duration-ms="215" status="PASS">
          <reporter-output>
          </reporter-output>
        </test-method> <!-- setup -->
        <test-method signature="testPostUser()[pri:1, instance:api.test.UserTests2@4562e04d]" started-at="2024-04-11T21:51:02 IST" name="testPostUser" finished-at="2024-04-11T21:51:05 IST" duration-ms="3008" status="PASS">
          <reporter-output>
          </reporter-output>
        </test-method> <!-- testPostUser -->
        <test-method signature="testGetUserbyName()[pri:2, instance:api.test.UserTests2@4562e04d]" started-at="2024-04-11T21:51:05 IST" name="testGetUserbyName" finished-at="2024-04-11T21:51:07 IST" duration-ms="1305" status="PASS">
          <reporter-output>
          </reporter-output>
        </test-method> <!-- testGetUserbyName -->
        <test-method signature="testUpdateUserbyName()[pri:3, instance:api.test.UserTests2@4562e04d]" started-at="2024-04-11T21:51:07 IST" name="testUpdateUserbyName" finished-at="2024-04-11T21:51:09 IST" duration-ms="2586" status="PASS">
          <reporter-output>
          </reporter-output>
        </test-method> <!-- testUpdateUserbyName -->
        <test-method signature="testDeleteUserbyName()[pri:4, instance:api.test.UserTests2@4562e04d]" started-at="2024-04-11T21:51:09 IST" name="testDeleteUserbyName" finished-at="2024-04-11T21:51:10 IST" duration-ms="1235" status="PASS">
          <reporter-output>
          </reporter-output>
        </test-method> <!-- testDeleteUserbyName -->
      </class> <!-- api.test.UserTests2 -->
    </test> <!-- PetStoreTest -->
  </suite> <!-- PetStoreSuite -->
</testng-results>
