<?xml version="1.0" encoding="UTF-8"?>
<!-- Generated by org.testng.reporters.JUnitXMLReporter -->
<testsuite ignored="0" hostname="sandeep-pc" failures="0" tests="4" name="PetStoreTest" time="8.589" errors="0" timestamp="2024-04-11T21:51:11 IST">
  <testcase classname="api.test.UserTests2" name="testPostUser" time="3.008"/>
  <testcase classname="api.test.UserTests2" name="testGetUserbyName" time="1.305"/>
  <testcase classname="api.test.UserTests2" name="testUpdateUserbyName" time="2.586"/>
  <testcase classname="api.test.UserTests2" name="testDeleteUserbyName" time="1.235"/>
</testsuite> <!-- PetStoreTest -->
