<?xml version="1.0" encoding="UTF-8"?>
<!-- Generated by org.testng.reporters.JUnitXMLReporter -->
<testsuite ignored="0" hostname="sandeep-pc" failures="0" tests="4" name="PetStoreTest" time="7.924" errors="0" timestamp="2024-04-13T19:31:27 IST">
  <testcase classname="api.test.UserTests2" name="testPostUser" time="2.826"/>
  <testcase classname="api.test.UserTests2" name="testGetUserbyName" time="1.264"/>
  <testcase classname="api.test.UserTests2" name="testUpdateUserbyName" time="2.249"/>
  <testcase classname="api.test.UserTests2" name="testDeleteUserbyName" time="1.099"/>
</testsuite> <!-- PetStoreTest -->
